<?xml version="1.0" encoding="UTF-8"?>
<!-- Generated by org.testng.reporters.JUnitXMLReporter -->
<testsuite hostname="ADMIN-PC" name="Test" tests="4" failures="0" timestamp="13 Jan 2015 18:13:54 GMT" time="17.832" errors="0">
  <testcase name="@BeforeMethod configBeforeMts" time="0.0" classname="com.acttime.projectandcustomertest.ProjectAndCustomerTest">
    <failure type="org.openqa.selenium.remote.UnreachableBrowserException" message="Error communicating with the remote browser. It may have died.
Build info: version: &amp;apos;2.42.2&amp;apos;, revision: &amp;apos;6a6995d&amp;apos;, time: &amp;apos;2014-06-03 17:42:03&amp;apos;
System info: host: &amp;apos;ADMIN-PC&amp;apos;, ip: &amp;apos;192.168.1.2&amp;apos;, os.name: &amp;apos;Windows 7&amp;apos;, os.arch: &amp;apos;amd64&amp;apos;, os.version: &amp;apos;6.1&amp;apos;, java.version: &amp;apos;1.7.0&amp;apos;
Driver info: driver.version: FirefoxDriver">
      <![CDATA[org.openqa.selenium.remote.UnreachableBrowserException: Error communicating with the remote browser. It may have died.
Build info: version: '2.42.2', revision: '6a6995d', time: '2014-06-03 17:42:03'
System info: host: 'ADMIN-PC', ip: '192.168.1.2', os.name: 'Windows 7', os.arch: 'amd64', os.version: '6.1', java.version: '1.7.0'
Driver info: driver.version: FirefoxDriver
	at org.openqa.selenium.remote.RemoteWebDriver.execute(RemoteWebDriver.java:593)
	at org.openqa.selenium.firefox.FirefoxDriver.access$0(FirefoxDriver.java:1)
	at org.openqa.selenium.firefox.FirefoxDriver$1$1.implicitlyWait(FirefoxDriver.java:219)
	at com.actitime.genericlib.WebDriverCommonLib.waitForPageToLoad(WebDriverCommonLib.java:19)
	at com.acttim.businesslib.ProjectAndCustLib.navigateProjectAndCustPage(ProjectAndCustLib.java:23)
	at com.acttime.projectandcustomertest.ProjectAndCustomerTest.configBeforeMts(ProjectAndCustomerTest.java:60)
Caused by: org.apache.http.conn.HttpHostConnectException: Connect to 127.0.0.1:7055 [/127.0.0.1] failed: Connection refused: connect
	at org.apache.http.impl.conn.HttpClientConnectionOperator.connect(HttpClientConnectionOperator.java:138)
	at org.apache.http.impl.conn.PoolingHttpClientConnectionManager.connect(PoolingHttpClientConnectionManager.java:314)
	at org.apache.http.impl.execchain.MainClientExec.establishRoute(MainClientExec.java:363)
	at org.apache.http.impl.execchain.MainClientExec.execute(MainClientExec.java:219)
	at org.apache.http.impl.execchain.ProtocolExec.execute(ProtocolExec.java:195)
	at org.apache.http.impl.execchain.RetryExec.execute(RetryExec.java:85)
	at org.apache.http.impl.execchain.RedirectExec.execute(RedirectExec.java:108)
	at org.apache.http.impl.client.InternalHttpClient.doExecute(InternalHttpClient.java:186)
	at org.apache.http.impl.client.CloseableHttpClient.execute(CloseableHttpClient.java:72)
	at org.apache.http.impl.client.CloseableHttpClient.execute(CloseableHttpClient.java:57)
	at org.openqa.selenium.remote.HttpCommandExecutor.fallBackExecute(HttpCommandExecutor.java:222)
	at org.openqa.selenium.remote.HttpCommandExecutor.execute(HttpCommandExecutor.java:173)
	at org.openqa.selenium.firefox.internal.NewProfileExtensionConnection.execute(NewProfileExtensionConnection.java:165)
	at org.openqa.selenium.firefox.FirefoxDriver$LazyCommandExecutor.execute(FirefoxDriver.java:362)
	at org.openqa.selenium.remote.RemoteWebDriver.execute(RemoteWebDriver.java:572)
	... 31 more
Caused by: java.net.ConnectException: Connection refused: connect
	at java.net.DualStackPlainSocketImpl.waitForConnect(Native Method)
	at java.net.DualStackPlainSocketImpl.socketConnect(Unknown Source)
	at java.net.AbstractPlainSocketImpl.doConnect(Unknown Source)
	at java.net.AbstractPlainSocketImpl.connectToAddress(Unknown Source)
	at java.net.AbstractPlainSocketImpl.connect(Unknown Source)
	at java.net.PlainSocketImpl.connect(Unknown Source)
	at java.net.SocksSocketImpl.connect(Unknown Source)
	at java.net.Socket.connect(Unknown Source)
	at org.apache.http.conn.socket.PlainConnectionSocketFactory.connectSocket(PlainConnectionSocketFactory.java:72)
	at org.apache.http.impl.conn.HttpClientConnectionOperator.connect(HttpClientConnectionOperator.java:118)
	... 45 more
... Removed 26 stack frames]]>
    </failure>
  </testcase> <!-- @BeforeMethod configBeforeMts -->
  <testcase name="@AfterMethod configAfterMtd" time="0.0" classname="com.acttime.projectandcustomertest.ProjectAndCustomerTest">
    <skipped/>
  </testcase> <!-- @AfterMethod configAfterMtd -->
  <testcase name="@BeforeMethod configBeforeMts" time="0.0" classname="com.acttime.projectandcustomertest.ProjectAndCustomerTest">
    <skipped/>
  </testcase> <!-- @BeforeMethod configBeforeMts -->
  <testcase name="@AfterMethod configAfterMtd" time="0.0" classname="com.acttime.projectandcustomertest.ProjectAndCustomerTest">
    <skipped/>
  </testcase> <!-- @AfterMethod configAfterMtd -->
  <testcase name="@AfterClass configAfterclass" time="0.0" classname="com.acttime.projectandcustomertest.ProjectAndCustomerTest">
    <skipped/>
  </testcase> <!-- @AfterClass configAfterclass -->
  <testcase name="@BeforeMethod configBeforeMts" time="0.0" classname="com.acttime.reporttest.ReportTest">
    <failure type="org.openqa.selenium.remote.UnreachableBrowserException" message="Error communicating with the remote browser. It may have died.
Build info: version: &amp;apos;2.42.2&amp;apos;, revision: &amp;apos;6a6995d&amp;apos;, time: &amp;apos;2014-06-03 17:42:03&amp;apos;
System info: host: &amp;apos;ADMIN-PC&amp;apos;, ip: &amp;apos;192.168.1.2&amp;apos;, os.name: &amp;apos;Windows 7&amp;apos;, os.arch: &amp;apos;amd64&amp;apos;, os.version: &amp;apos;6.1&amp;apos;, java.version: &amp;apos;1.7.0&amp;apos;
Driver info: driver.version: RemoteWebDriver">
      <![CDATA[org.openqa.selenium.remote.UnreachableBrowserException: Error communicating with the remote browser. It may have died.
Build info: version: '2.42.2', revision: '6a6995d', time: '2014-06-03 17:42:03'
System info: host: 'ADMIN-PC', ip: '192.168.1.2', os.name: 'Windows 7', os.arch: 'amd64', os.version: '6.1', java.version: '1.7.0'
Driver info: driver.version: RemoteWebDriver
	at org.openqa.selenium.remote.RemoteWebDriver.execute(RemoteWebDriver.java:593)
	at org.openqa.selenium.remote.RemoteWebDriver.get(RemoteWebDriver.java:304)
	at com.acttim.businesslib.CommonLib.loginTOAPP(CommonLib.java:18)
	at com.acttime.reporttest.ReportTest.configBeforeMts(ReportTest.java:57)
Caused by: org.apache.http.conn.HttpHostConnectException: Connect to 127.0.0.1:7055 [/127.0.0.1] failed: Connection refused: connect
	at org.apache.http.impl.conn.HttpClientConnectionOperator.connect(HttpClientConnectionOperator.java:138)
	at org.apache.http.impl.conn.PoolingHttpClientConnectionManager.connect(PoolingHttpClientConnectionManager.java:314)
	at org.apache.http.impl.execchain.MainClientExec.establishRoute(MainClientExec.java:363)
	at org.apache.http.impl.execchain.MainClientExec.execute(MainClientExec.java:219)
	at org.apache.http.impl.execchain.ProtocolExec.execute(ProtocolExec.java:195)
	at org.apache.http.impl.execchain.RetryExec.execute(RetryExec.java:85)
	at org.apache.http.impl.execchain.RedirectExec.execute(RedirectExec.java:108)
	at org.apache.http.impl.client.InternalHttpClient.doExecute(InternalHttpClient.java:186)
	at org.apache.http.impl.client.CloseableHttpClient.execute(CloseableHttpClient.java:72)
	at org.apache.http.impl.client.CloseableHttpClient.execute(CloseableHttpClient.java:57)
	at org.openqa.selenium.remote.HttpCommandExecutor.fallBackExecute(HttpCommandExecutor.java:204)
	at org.openqa.selenium.remote.HttpCommandExecutor.execute(HttpCommandExecutor.java:173)
	at org.openqa.selenium.firefox.internal.NewProfileExtensionConnection.execute(NewProfileExtensionConnection.java:165)
	at org.openqa.selenium.firefox.FirefoxDriver$LazyCommandExecutor.execute(FirefoxDriver.java:362)
	at org.openqa.selenium.remote.RemoteWebDriver.execute(RemoteWebDriver.java:572)
	... 29 more
Caused by: java.net.ConnectException: Connection refused: connect
	at java.net.DualStackPlainSocketImpl.waitForConnect(Native Method)
	at java.net.DualStackPlainSocketImpl.socketConnect(Unknown Source)
	at java.net.AbstractPlainSocketImpl.doConnect(Unknown Source)
	at java.net.AbstractPlainSocketImpl.connectToAddress(Unknown Source)
	at java.net.AbstractPlainSocketImpl.connect(Unknown Source)
	at java.net.PlainSocketImpl.connect(Unknown Source)
	at java.net.SocksSocketImpl.connect(Unknown Source)
	at java.net.Socket.connect(Unknown Source)
	at org.apache.http.conn.socket.PlainConnectionSocketFactory.connectSocket(PlainConnectionSocketFactory.java:72)
	at org.apache.http.impl.conn.HttpClientConnectionOperator.connect(HttpClientConnectionOperator.java:118)
	... 43 more
... Removed 26 stack frames]]>
    </failure>
  </testcase> <!-- @BeforeMethod configBeforeMts -->
  <testcase name="@AfterMethod configAfterMtd" time="0.0" classname="com.acttime.reporttest.ReportTest">
    <skipped/>
  </testcase> <!-- @AfterMethod configAfterMtd -->
  <testcase name="@BeforeMethod configBeforeMts" time="0.0" classname="com.acttime.reporttest.ReportTest">
    <skipped/>
  </testcase> <!-- @BeforeMethod configBeforeMts -->
  <testcase name="@AfterMethod configAfterMtd" time="0.0" classname="com.acttime.reporttest.ReportTest">
    <skipped/>
  </testcase> <!-- @AfterMethod configAfterMtd -->
  <testcase name="@AfterClass configAfterclass" time="0.0" classname="com.acttime.reporttest.ReportTest">
    <skipped/>
  </testcase> <!-- @AfterClass configAfterclass -->
  <testcase name="createCustomerTest" time="0.002" classname="com.acttime.projectandcustomertest.ProjectAndCustomerTest">
    <skipped/>
  </testcase> <!-- createCustomerTest -->
  <testcase name="verifyCustomerDetailsInWebTableTest" time="0.0" classname="com.acttime.projectandcustomertest.ProjectAndCustomerTest">
    <skipped/>
  </testcase> <!-- verifyCustomerDetailsInWebTableTest -->
  <testcase name="createReportTest" time="0.0" classname="com.acttime.reporttest.ReportTest">
    <skipped/>
  </testcase> <!-- createReportTest -->
  <testcase name="modifyReportTest" time="0.0" classname="com.acttime.reporttest.ReportTest">
    <skipped/>
  </testcase> <!-- modifyReportTest -->
</testsuite> <!-- Test -->
